{"/mnt/d/MyProjects/hexlet/frontend-project-lvl2/index.js": {"path":"/mnt/d/MyProjects/hexlet/frontend-project-lvl2/index.js","all":false,"statementMap":{"0":{"start":{"line":1,"column":0},"end":{"line":1,"column":20}},"1":{"start":{"line":2,"column":0},"end":{"line":2,"column":24}},"2":{"start":{"line":3,"column":0},"end":{"line":3,"column":39}},"3":{"start":{"line":4,"column":0},"end":{"line":4,"column":43}},"4":{"start":{"line":5,"column":0},"end":{"line":5,"column":0}},"5":{"start":{"line":6,"column":0},"end":{"line":6,"column":37}},"6":{"start":{"line":7,"column":0},"end":{"line":7,"column":78}},"7":{"start":{"line":8,"column":0},"end":{"line":8,"column":2}},"8":{"start":{"line":9,"column":0},"end":{"line":9,"column":0}},"9":{"start":{"line":10,"column":0},"end":{"line":10,"column":57}},"10":{"start":{"line":11,"column":0},"end":{"line":11,"column":0}},"11":{"start":{"line":12,"column":0},"end":{"line":12,"column":51}},"12":{"start":{"line":13,"column":0},"end":{"line":13,"column":41}},"13":{"start":{"line":14,"column":0},"end":{"line":14,"column":41}},"14":{"start":{"line":15,"column":0},"end":{"line":15,"column":36}},"15":{"start":{"line":16,"column":0},"end":{"line":16,"column":36}},"16":{"start":{"line":17,"column":0},"end":{"line":17,"column":0}},"17":{"start":{"line":18,"column":0},"end":{"line":18,"column":52}},"18":{"start":{"line":19,"column":0},"end":{"line":19,"column":52}},"19":{"start":{"line":20,"column":0},"end":{"line":20,"column":0}},"20":{"start":{"line":21,"column":0},"end":{"line":21,"column":94}},"21":{"start":{"line":22,"column":0},"end":{"line":22,"column":52}},"22":{"start":{"line":23,"column":0},"end":{"line":23,"column":29}},"23":{"start":{"line":24,"column":0},"end":{"line":24,"column":25}},"24":{"start":{"line":25,"column":0},"end":{"line":25,"column":2}},"25":{"start":{"line":26,"column":0},"end":{"line":26,"column":0}},"26":{"start":{"line":27,"column":0},"end":{"line":27,"column":23}},"27":{"start":{"line":28,"column":0},"end":{"line":28,"column":42}}},"s":{"0":1,"1":1,"2":1,"3":2,"4":0,"5":1,"6":1,"7":1,"8":1,"9":1,"10":1,"11":1,"12":1,"13":1,"14":1,"15":1,"16":1,"17":1,"18":1,"19":1,"20":1,"21":1,"22":1,"23":1,"24":1,"25":1,"26":1,"27":1},"branchMap":{"0":{"type":"branch","line":1,"loc":{"start":{"line":1,"column":0},"end":{"line":24,"column":8}},"locations":[{"start":{"line":1,"column":0},"end":{"line":24,"column":8}}]},"1":{"type":"branch","line":3,"loc":{"start":{"line":3,"column":18},"end":{"line":6,"column":29}},"locations":[{"start":{"line":3,"column":18},"end":{"line":6,"column":29}}]},"2":{"type":"branch","line":4,"loc":{"start":{"line":4,"column":33},"end":{"line":6,"column":27}},"locations":[{"start":{"line":4,"column":33},"end":{"line":6,"column":27}}]},"3":{"type":"branch","line":7,"loc":{"start":{"line":7,"column":18},"end":{"line":7,"column":50}},"locations":[{"start":{"line":7,"column":18},"end":{"line":7,"column":50}}]},"4":{"type":"branch","line":7,"loc":{"start":{"line":7,"column":69},"end":{"line":22,"column":21}},"locations":[{"start":{"line":7,"column":69},"end":{"line":22,"column":21}}]}},"b":{"0":[1],"1":[2],"2":[0],"3":[2],"4":[1]},"fnMap":{"0":{"name":"normalizePath","decl":{"start":{"line":3,"column":18},"end":{"line":6,"column":29}},"loc":{"start":{"line":3,"column":18},"end":{"line":6,"column":29}},"line":3},"1":{"name":"convertToObject","decl":{"start":{"line":7,"column":18},"end":{"line":7,"column":50}},"loc":{"start":{"line":7,"column":18},"end":{"line":7,"column":50}},"line":7},"2":{"name":"gendiff","decl":{"start":{"line":7,"column":69},"end":{"line":22,"column":21}},"loc":{"start":{"line":7,"column":69},"end":{"line":22,"column":21}},"line":7}},"f":{"0":2,"1":2,"2":1}}
,"/mnt/d/MyProjects/hexlet/frontend-project-lvl2/__fixtures__/expected-diffs.js": {"path":"/mnt/d/MyProjects/hexlet/frontend-project-lvl2/__fixtures__/expected-diffs.js","all":false,"statementMap":{"0":{"start":{"line":1,"column":0},"end":{"line":1,"column":17}},"1":{"start":{"line":2,"column":0},"end":{"line":2,"column":17}},"2":{"start":{"line":3,"column":0},"end":{"line":3,"column":19}},"3":{"start":{"line":4,"column":0},"end":{"line":4,"column":24}},"4":{"start":{"line":5,"column":0},"end":{"line":5,"column":15}},"5":{"start":{"line":6,"column":0},"end":{"line":6,"column":15}},"6":{"start":{"line":7,"column":0},"end":{"line":7,"column":17}},"7":{"start":{"line":8,"column":0},"end":{"line":8,"column":3}}},"s":{"0":1,"1":1,"2":1,"3":1,"4":1,"5":1,"6":1,"7":1},"branchMap":{"0":{"type":"branch","line":1,"loc":{"start":{"line":1,"column":0},"end":{"line":3,"column":10}},"locations":[{"start":{"line":1,"column":0},"end":{"line":3,"column":10}}]}},"b":{"0":[1]},"fnMap":{},"f":{}}
,"/mnt/d/MyProjects/hexlet/frontend-project-lvl2/src/compare.js": {"path":"/mnt/d/MyProjects/hexlet/frontend-project-lvl2/src/compare.js","all":false,"statementMap":{"0":{"start":{"line":1,"column":0},"end":{"line":1,"column":23}},"1":{"start":{"line":2,"column":0},"end":{"line":2,"column":0}},"2":{"start":{"line":3,"column":0},"end":{"line":3,"column":33}},"3":{"start":{"line":4,"column":0},"end":{"line":4,"column":34}},"4":{"start":{"line":5,"column":0},"end":{"line":5,"column":34}},"5":{"start":{"line":6,"column":0},"end":{"line":6,"column":49}},"6":{"start":{"line":7,"column":0},"end":{"line":7,"column":0}},"7":{"start":{"line":8,"column":0},"end":{"line":8,"column":49}},"8":{"start":{"line":9,"column":0},"end":{"line":9,"column":52}},"9":{"start":{"line":10,"column":0},"end":{"line":10,"column":50}},"10":{"start":{"line":11,"column":0},"end":{"line":11,"column":47}},"11":{"start":{"line":12,"column":0},"end":{"line":12,"column":60}},"12":{"start":{"line":13,"column":0},"end":{"line":13,"column":0}},"13":{"start":{"line":14,"column":0},"end":{"line":14,"column":13}},"14":{"start":{"line":15,"column":0},"end":{"line":15,"column":0}},"15":{"start":{"line":16,"column":0},"end":{"line":16,"column":20}},"16":{"start":{"line":17,"column":0},"end":{"line":17,"column":14}},"17":{"start":{"line":18,"column":0},"end":{"line":18,"column":26}},"18":{"start":{"line":19,"column":0},"end":{"line":19,"column":12}},"19":{"start":{"line":20,"column":0},"end":{"line":20,"column":25}},"20":{"start":{"line":21,"column":0},"end":{"line":21,"column":8}},"21":{"start":{"line":22,"column":0},"end":{"line":22,"column":5}},"22":{"start":{"line":23,"column":0},"end":{"line":23,"column":0}},"23":{"start":{"line":24,"column":0},"end":{"line":24,"column":18}},"24":{"start":{"line":25,"column":0},"end":{"line":25,"column":14}},"25":{"start":{"line":26,"column":0},"end":{"line":26,"column":24}},"26":{"start":{"line":27,"column":0},"end":{"line":27,"column":12}},"27":{"start":{"line":28,"column":0},"end":{"line":28,"column":25}},"28":{"start":{"line":29,"column":0},"end":{"line":29,"column":8}},"29":{"start":{"line":30,"column":0},"end":{"line":30,"column":5}},"30":{"start":{"line":31,"column":0},"end":{"line":31,"column":0}},"31":{"start":{"line":32,"column":0},"end":{"line":32,"column":21}},"32":{"start":{"line":33,"column":0},"end":{"line":33,"column":14}},"33":{"start":{"line":34,"column":0},"end":{"line":34,"column":30}},"34":{"start":{"line":35,"column":0},"end":{"line":35,"column":12}},"35":{"start":{"line":36,"column":0},"end":{"line":36,"column":25}},"36":{"start":{"line":37,"column":0},"end":{"line":37,"column":8}},"37":{"start":{"line":38,"column":0},"end":{"line":38,"column":5}},"38":{"start":{"line":39,"column":0},"end":{"line":39,"column":0}},"39":{"start":{"line":40,"column":0},"end":{"line":40,"column":20}},"40":{"start":{"line":41,"column":0},"end":{"line":41,"column":14}},"41":{"start":{"line":42,"column":0},"end":{"line":42,"column":26}},"42":{"start":{"line":43,"column":0},"end":{"line":43,"column":12}},"43":{"start":{"line":44,"column":0},"end":{"line":44,"column":25}},"44":{"start":{"line":45,"column":0},"end":{"line":45,"column":28}},"45":{"start":{"line":46,"column":0},"end":{"line":46,"column":8}},"46":{"start":{"line":47,"column":0},"end":{"line":47,"column":5}},"47":{"start":{"line":48,"column":0},"end":{"line":48,"column":0}},"48":{"start":{"line":49,"column":0},"end":{"line":49,"column":19}},"49":{"start":{"line":50,"column":0},"end":{"line":50,"column":15}},"50":{"start":{"line":51,"column":0},"end":{"line":51,"column":9}},"51":{"start":{"line":52,"column":0},"end":{"line":52,"column":0}},"52":{"start":{"line":53,"column":0},"end":{"line":53,"column":16}},"53":{"start":{"line":54,"column":0},"end":{"line":54,"column":2}},"54":{"start":{"line":55,"column":0},"end":{"line":55,"column":0}},"55":{"start":{"line":56,"column":0},"end":{"line":56,"column":23}}},"s":{"0":1,"1":1,"2":1,"3":1,"4":1,"5":5,"6":4,"7":5,"8":5,"9":5,"10":5,"11":5,"12":2,"13":2,"14":2,"15":2,"16":5,"17":5,"18":1,"19":1,"20":1,"21":1,"22":1,"23":1,"24":5,"25":5,"26":1,"27":1,"28":1,"29":1,"30":1,"31":1,"32":5,"33":5,"34":1,"35":1,"36":1,"37":1,"38":1,"39":1,"40":1,"41":5,"42":5,"43":1,"44":1,"45":1,"46":1,"47":1,"48":1,"49":1,"50":1,"51":1,"52":1,"53":1,"54":1,"55":1},"branchMap":{"0":{"type":"branch","line":1,"loc":{"start":{"line":1,"column":0},"end":{"line":49,"column":3}},"locations":[{"start":{"line":1,"column":0},"end":{"line":49,"column":3}}]},"1":{"type":"branch","line":1,"loc":{"start":{"line":1,"column":0},"end":{"line":45,"column":21}},"locations":[{"start":{"line":1,"column":0},"end":{"line":45,"column":21}}]},"2":{"type":"branch","line":5,"loc":{"start":{"line":5,"column":31},"end":{"line":44,"column":21}},"locations":[{"start":{"line":5,"column":31},"end":{"line":44,"column":21}}]},"3":{"type":"branch","line":6,"loc":{"start":{"line":6,"column":46},"end":{"line":8,"column":12}},"locations":[{"start":{"line":6,"column":46},"end":{"line":8,"column":12}}]},"4":{"type":"branch","line":9,"loc":{"start":{"line":9,"column":-1},"end":{"line":9,"column":13}},"locations":[{"start":{"line":9,"column":-1},"end":{"line":9,"column":13}}]},"5":{"type":"branch","line":10,"loc":{"start":{"line":10,"column":44},"end":{"line":11,"column":6}},"locations":[{"start":{"line":10,"column":44},"end":{"line":11,"column":6}}]},"6":{"type":"branch","line":11,"loc":{"start":{"line":11,"column":7},"end":{"line":11,"column":18}},"locations":[{"start":{"line":11,"column":7},"end":{"line":11,"column":18}}]},"7":{"type":"branch","line":12,"loc":{"start":{"line":12,"column":7},"end":{"line":17,"column":6}},"locations":[{"start":{"line":12,"column":7},"end":{"line":17,"column":6}}]},"8":{"type":"branch","line":18,"loc":{"start":{"line":18,"column":10},"end":{"line":25,"column":4}},"locations":[{"start":{"line":18,"column":10},"end":{"line":25,"column":4}}]},"9":{"type":"branch","line":26,"loc":{"start":{"line":26,"column":11},"end":{"line":33,"column":10}},"locations":[{"start":{"line":26,"column":11},"end":{"line":33,"column":10}}]},"10":{"type":"branch","line":34,"loc":{"start":{"line":34,"column":16},"end":{"line":42,"column":20}},"locations":[{"start":{"line":34,"column":16},"end":{"line":42,"column":20}}]}},"b":{"0":[1],"1":[1],"2":[5],"3":[4],"4":[1],"5":[4],"6":[2],"7":[2],"8":[1],"9":[1],"10":[1]},"fnMap":{"0":{"name":"compare","decl":{"start":{"line":1,"column":0},"end":{"line":45,"column":21}},"loc":{"start":{"line":1,"column":0},"end":{"line":45,"column":21}},"line":1}},"f":{"0":1}}
,"/mnt/d/MyProjects/hexlet/frontend-project-lvl2/src/format.js": {"path":"/mnt/d/MyProjects/hexlet/frontend-project-lvl2/src/format.js","all":false,"statementMap":{"0":{"start":{"line":1,"column":0},"end":{"line":1,"column":36}},"1":{"start":{"line":2,"column":0},"end":{"line":2,"column":21}},"2":{"start":{"line":3,"column":0},"end":{"line":3,"column":32}},"3":{"start":{"line":4,"column":0},"end":{"line":4,"column":33}},"4":{"start":{"line":5,"column":0},"end":{"line":5,"column":9}},"5":{"start":{"line":6,"column":0},"end":{"line":6,"column":13}},"6":{"start":{"line":7,"column":0},"end":{"line":7,"column":31}},"7":{"start":{"line":8,"column":0},"end":{"line":8,"column":38}},"8":{"start":{"line":9,"column":0},"end":{"line":9,"column":5}},"9":{"start":{"line":10,"column":0},"end":{"line":10,"column":29}},"10":{"start":{"line":11,"column":0},"end":{"line":11,"column":38}},"11":{"start":{"line":12,"column":0},"end":{"line":12,"column":5}},"12":{"start":{"line":13,"column":0},"end":{"line":13,"column":35}},"13":{"start":{"line":14,"column":0},"end":{"line":14,"column":38}},"14":{"start":{"line":15,"column":0},"end":{"line":15,"column":5}},"15":{"start":{"line":16,"column":0},"end":{"line":16,"column":31}},"16":{"start":{"line":17,"column":0},"end":{"line":17,"column":63}},"17":{"start":{"line":18,"column":0},"end":{"line":18,"column":5}},"18":{"start":{"line":19,"column":0},"end":{"line":19,"column":28}},"19":{"start":{"line":20,"column":0},"end":{"line":20,"column":9}},"20":{"start":{"line":21,"column":0},"end":{"line":21,"column":16}},"21":{"start":{"line":22,"column":0},"end":{"line":22,"column":16}},"22":{"start":{"line":23,"column":0},"end":{"line":23,"column":2}},"23":{"start":{"line":24,"column":0},"end":{"line":24,"column":0}},"24":{"start":{"line":25,"column":0},"end":{"line":25,"column":87}},"25":{"start":{"line":26,"column":0},"end":{"line":26,"column":0}},"26":{"start":{"line":27,"column":0},"end":{"line":27,"column":28}}},"s":{"0":5,"1":5,"2":5,"3":2,"4":2,"5":5,"6":5,"7":5,"8":5,"9":5,"10":5,"11":5,"12":5,"13":1,"14":1,"15":5,"16":1,"17":1,"18":1,"19":1,"20":1,"21":1,"22":1,"23":1,"24":1,"25":1,"26":1},"branchMap":{"0":{"type":"branch","line":1,"loc":{"start":{"line":1,"column":0},"end":{"line":25,"column":29}},"locations":[{"start":{"line":1,"column":0},"end":{"line":25,"column":29}}]},"1":{"type":"branch","line":1,"loc":{"start":{"line":1,"column":0},"end":{"line":17,"column":55}},"locations":[{"start":{"line":1,"column":0},"end":{"line":17,"column":55}}]},"2":{"type":"branch","line":1,"loc":{"start":{"line":1,"column":0},"end":{"line":17,"column":13}},"locations":[{"start":{"line":1,"column":0},"end":{"line":17,"column":13}}]},"3":{"type":"branch","line":4,"loc":{"start":{"line":4,"column":-1},"end":{"line":6,"column":1}},"locations":[{"start":{"line":4,"column":-1},"end":{"line":6,"column":1}}]},"4":{"type":"branch","line":7,"loc":{"start":{"line":7,"column":16},"end":{"line":8,"column":30}},"locations":[{"start":{"line":7,"column":16},"end":{"line":8,"column":30}}]},"5":{"type":"branch","line":10,"loc":{"start":{"line":10,"column":20},"end":{"line":11,"column":36}},"locations":[{"start":{"line":10,"column":20},"end":{"line":11,"column":36}}]},"6":{"type":"branch","line":13,"loc":{"start":{"line":13,"column":22},"end":{"line":16,"column":12}},"locations":[{"start":{"line":13,"column":22},"end":{"line":16,"column":12}}]},"7":{"type":"branch","line":19,"loc":{"start":{"line":19,"column":9},"end":{"line":23,"column":1}},"locations":[{"start":{"line":19,"column":9},"end":{"line":23,"column":1}}]}},"b":{"0":[1],"1":[1],"2":[5],"3":[2],"4":[1],"5":[1],"6":[1],"7":[1]},"fnMap":{"0":{"name":"formatToStylish","decl":{"start":{"line":1,"column":0},"end":{"line":17,"column":55}},"loc":{"start":{"line":1,"column":0},"end":{"line":17,"column":55}},"line":1},"1":{"name":"formatOutput","decl":{"start":{"line":19,"column":9},"end":{"line":23,"column":1}},"loc":{"start":{"line":19,"column":9},"end":{"line":23,"column":1}},"line":19}},"f":{"0":1,"1":1}}
}
