TN:
SF:index.js
FN:3,normalizePath
FN:7,convertToObject
FN:7,gendiff
FNF:3
FNH:3
FNDA:2,normalizePath
FNDA:2,convertToObject
FNDA:1,gendiff
DA:1,1
DA:2,1
DA:3,1
DA:4,2
DA:5,0
DA:6,1
DA:7,1
DA:8,1
DA:9,1
DA:10,1
DA:11,1
DA:12,1
DA:13,1
DA:14,1
DA:15,1
DA:16,1
DA:17,1
DA:18,1
DA:19,1
DA:20,1
DA:21,1
DA:22,1
DA:23,1
DA:24,1
DA:25,1
DA:26,1
DA:27,1
DA:28,1
LF:28
LH:27
BRDA:1,0,0,1
BRDA:3,1,0,2
BRDA:4,2,0,0
BRDA:7,3,0,2
BRDA:7,4,0,1
BRF:5
BRH:4
end_of_record
TN:
SF:__fixtures__/expected-diffs.js
FNF:0
FNH:0
DA:1,1
DA:2,1
DA:3,1
DA:4,1
DA:5,1
DA:6,1
DA:7,1
DA:8,1
LF:8
LH:8
BRDA:1,0,0,1
BRF:1
BRH:1
end_of_record
TN:
SF:src/compare.js
FN:1,compare
FNF:1
FNH:1
FNDA:1,compare
DA:1,1
DA:2,1
DA:3,1
DA:4,1
DA:5,1
DA:6,5
DA:7,4
DA:8,5
DA:9,5
DA:10,5
DA:11,5
DA:12,5
DA:13,2
DA:14,2
DA:15,2
DA:16,2
DA:17,5
DA:18,5
DA:19,1
DA:20,1
DA:21,1
DA:22,1
DA:23,1
DA:24,1
DA:25,5
DA:26,5
DA:27,1
DA:28,1
DA:29,1
DA:30,1
DA:31,1
DA:32,1
DA:33,5
DA:34,5
DA:35,1
DA:36,1
DA:37,1
DA:38,1
DA:39,1
DA:40,1
DA:41,1
DA:42,5
DA:43,5
DA:44,1
DA:45,1
DA:46,1
DA:47,1
DA:48,1
DA:49,1
DA:50,1
DA:51,1
DA:52,1
DA:53,1
DA:54,1
DA:55,1
DA:56,1
LF:56
LH:56
BRDA:1,0,0,1
BRDA:1,1,0,1
BRDA:5,2,0,5
BRDA:6,3,0,4
BRDA:9,4,0,1
BRDA:10,5,0,4
BRDA:11,6,0,2
BRDA:12,7,0,2
BRDA:18,8,0,1
BRDA:26,9,0,1
BRDA:34,10,0,1
BRF:11
BRH:11
end_of_record
TN:
SF:src/format.js
FN:1,formatToStylish
FN:19,formatOutput
FNF:2
FNH:2
FNDA:1,formatToStylish
FNDA:1,formatOutput
DA:1,5
DA:2,5
DA:3,5
DA:4,2
DA:5,2
DA:6,5
DA:7,5
DA:8,5
DA:9,5
DA:10,5
DA:11,5
DA:12,5
DA:13,5
DA:14,1
DA:15,1
DA:16,5
DA:17,1
DA:18,1
DA:19,1
DA:20,1
DA:21,1
DA:22,1
DA:23,1
DA:24,1
DA:25,1
DA:26,1
DA:27,1
LF:27
LH:27
BRDA:1,0,0,1
BRDA:1,1,0,1
BRDA:1,2,0,5
BRDA:4,3,0,2
BRDA:7,4,0,1
BRDA:10,5,0,1
BRDA:13,6,0,1
BRDA:19,7,0,1
BRF:8
BRH:8
end_of_record
